[debug] [2025-08-30T21:04:02.742Z] ----------------------------------------------------------------------
[debug] [2025-08-30T21:04:02.744Z] Command:       /nix/store/ws50yvm6vzlzf7jzz6n7xh4szddrack1-nodejs-20.19.1/bin/node /nix/store/mb7dm7av34020nn56xbny0fl17nwiddp-firebase-tools-14.14.0/lib/node_modules/firebase-tools/lib/bin/firebase.js functions:delete processAttack
[debug] [2025-08-30T21:04:02.745Z] CLI Version:   14.14.0
[debug] [2025-08-30T21:04:02.745Z] Platform:      linux
[debug] [2025-08-30T21:04:02.745Z] Node Version:  v20.19.1
[debug] [2025-08-30T21:04:02.745Z] Time:          Sat Aug 30 2025 21:04:02 GMT+0000 (Coordinated Universal Time)
[debug] [2025-08-30T21:04:02.745Z] ----------------------------------------------------------------------
[debug] 
[debug] [2025-08-30T21:04:03.170Z] No OAuth tokens found
[debug] [2025-08-30T21:04:03.170Z] No OAuth tokens found
[error] Failed to fetch Firebase Project from current Studio Workspace: Unable to refresh auth: not yet authenticated.
[debug] [2025-08-30T21:04:03.175Z] > command requires scopes: ["email","openid","https://www.googleapis.com/auth/cloudplatformprojects.readonly","https://www.googleapis.com/auth/firebase","https://www.googleapis.com/auth/cloud-platform","https://www.googleapis.com/auth/userinfo.email"]
[debug] [2025-08-30T21:04:03.175Z] > authorizing via signed-in user (tom.message@googlemail.com)
[debug] [2025-08-30T21:04:03.175Z] [iam] checking project up-to-battle for permissions ["cloudfunctions.functions.delete","cloudfunctions.functions.list","firebase.projects.get"]
[debug] [2025-08-30T21:04:03.176Z] No OAuth tokens found
[debug] [2025-08-30T21:04:03.176Z] No OAuth tokens found
[debug] [2025-08-30T21:04:03.176Z] > command requires scopes: ["email","openid","https://www.googleapis.com/auth/cloudplatformprojects.readonly","https://www.googleapis.com/auth/firebase","https://www.googleapis.com/auth/cloud-platform","https://www.googleapis.com/auth/userinfo.email"]
[debug] [2025-08-30T21:04:03.176Z] > authorizing via signed-in user (tom.message@googlemail.com)
[debug] [2025-08-30T21:04:03.177Z] >>> [apiv2][query] POST https://cloudresourcemanager.googleapis.com/v1/projects/up-to-battle:testIamPermissions [none]
[debug] [2025-08-30T21:04:03.177Z] >>> [apiv2][(partial)header] POST https://cloudresourcemanager.googleapis.com/v1/projects/up-to-battle:testIamPermissions x-goog-quota-user=projects/up-to-battle
[debug] [2025-08-30T21:04:03.178Z] >>> [apiv2][body] POST https://cloudresourcemanager.googleapis.com/v1/projects/up-to-battle:testIamPermissions {"permissions":["cloudfunctions.functions.delete","cloudfunctions.functions.list","firebase.projects.get"]}
[debug] [2025-08-30T21:04:03.997Z] <<< [apiv2][status] POST https://cloudresourcemanager.googleapis.com/v1/projects/up-to-battle:testIamPermissions 200
[debug] [2025-08-30T21:04:03.998Z] <<< [apiv2][body] POST https://cloudresourcemanager.googleapis.com/v1/projects/up-to-battle:testIamPermissions {"permissions":["cloudfunctions.functions.delete","cloudfunctions.functions.list","firebase.projects.get"]}
[debug] [2025-08-30T21:04:04.001Z] No OAuth tokens found
[debug] [2025-08-30T21:04:04.004Z] No OAuth tokens found
[debug] [2025-08-30T21:04:04.007Z] > command requires scopes: ["email","openid","https://www.googleapis.com/auth/cloudplatformprojects.readonly","https://www.googleapis.com/auth/firebase","https://www.googleapis.com/auth/cloud-platform","https://www.googleapis.com/auth/userinfo.email"]
[debug] [2025-08-30T21:04:04.009Z] > authorizing via signed-in user (tom.message@googlemail.com)
[debug] [2025-08-30T21:04:04.011Z] No OAuth tokens found
[debug] [2025-08-30T21:04:04.011Z] No OAuth tokens found
[debug] [2025-08-30T21:04:04.011Z] > command requires scopes: ["email","openid","https://www.googleapis.com/auth/cloudplatformprojects.readonly","https://www.googleapis.com/auth/firebase","https://www.googleapis.com/auth/cloud-platform","https://www.googleapis.com/auth/userinfo.email"]
[debug] [2025-08-30T21:04:04.011Z] > authorizing via signed-in user (tom.message@googlemail.com)
[debug] [2025-08-30T21:04:04.011Z] >>> [apiv2][query] GET https://firebase.googleapis.com/v1beta1/projects/up-to-battle/adminSdkConfig [none]
[debug] [2025-08-30T21:04:04.014Z] >>> [apiv2][query] GET https://cloudfunctions.googleapis.com/v1/projects/up-to-battle/locations/-/functions [none]
[debug] [2025-08-30T21:04:04.260Z] <<< [apiv2][status] GET https://firebase.googleapis.com/v1beta1/projects/up-to-battle/adminSdkConfig 200
[debug] [2025-08-30T21:04:04.261Z] <<< [apiv2][body] GET https://firebase.googleapis.com/v1beta1/projects/up-to-battle/adminSdkConfig {"projectId":"up-to-battle","storageBucket":"up-to-battle.firebasestorage.app"}
[debug] [2025-08-30T21:04:04.758Z] <<< [apiv2][status] GET https://cloudfunctions.googleapis.com/v1/projects/up-to-battle/locations/-/functions 200
[debug] [2025-08-30T21:04:04.758Z] <<< [apiv2][body] GET https://cloudfunctions.googleapis.com/v1/projects/up-to-battle/locations/-/functions {}
[debug] [2025-08-30T21:04:04.761Z] No OAuth tokens found
[debug] [2025-08-30T21:04:04.761Z] No OAuth tokens found
[debug] [2025-08-30T21:04:04.761Z] > command requires scopes: ["email","openid","https://www.googleapis.com/auth/cloudplatformprojects.readonly","https://www.googleapis.com/auth/firebase","https://www.googleapis.com/auth/cloud-platform","https://www.googleapis.com/auth/userinfo.email"]
[debug] [2025-08-30T21:04:04.762Z] > authorizing via signed-in user (tom.message@googlemail.com)
[debug] [2025-08-30T21:04:04.765Z] >>> [apiv2][query] GET https://cloudfunctions.googleapis.com/v2/projects/up-to-battle/locations/-/functions filter=environment%3D%22GEN_2%22
[debug] [2025-08-30T21:04:06.048Z] <<< [apiv2][status] GET https://cloudfunctions.googleapis.com/v2/projects/up-to-battle/locations/-/functions 200
[debug] [2025-08-30T21:04:06.049Z] <<< [apiv2][body] GET https://cloudfunctions.googleapis.com/v2/projects/up-to-battle/locations/-/functions {"functions":[{"name":"projects/up-to-battle/locations/us-central1/functions/processAttack","buildConfig":{"build":"projects/328069667156/locations/us-central1/builds/79b1bd3d-9a0b-4a5b-a554-c9597014dba3","runtime":"nodejs22","entryPoint":"processAttack","source":{"storageSource":{"bucket":"gcf-v2-sources-328069667156-us-central1","object":"processAttack/function-source.zip","generation":"1755683709700509"}},"environmentVariables":{"GOOGLE_NODE_RUN_SCRIPTS":""},"dockerRepository":"projects/up-to-battle/locations/us-central1/repositories/gcf-artifacts","sourceProvenance":{"resolvedStorageSource":{"bucket":"gcf-v2-sources-328069667156-us-central1","object":"processAttack/function-source.zip","generation":"1755683709700509"}},"dockerRegistry":"ARTIFACT_REGISTRY","serviceAccount":"projects/up-to-battle/serviceAccounts/328069667156-compute@developer.gserviceaccount.com","automaticUpdatePolicy":{}},"serviceConfig":{"service":"projects/up-to-battle/locations/us-central1/services/processattack","timeoutSeconds":60,"environmentVariables":{"FIREBASE_CONFIG":"{\"projectId\":\"up-to-battle\",\"storageBucket\":\"up-to-battle.firebasestorage.app\"}","GCLOUD_PROJECT":"up-to-battle","EVENTARC_CLOUD_EVENT_SOURCE":"projects/up-to-battle/locations/us-central1/services/processAttack","FUNCTION_TARGET":"processAttack","LOG_EXECUTION_ID":"true"},"maxInstanceCount":20,"ingressSettings":"ALLOW_ALL","uri":"https://processattack-hxidlvyhiq-uc.a.run.app","serviceAccountEmail":"328069667156-compute@developer.gserviceaccount.com","availableMemory":"256Mi","allTrafficOnLatestRevision":true,"revision":"processattack-00001-xub","maxInstanceRequestConcurrency":80,"availableCpu":"1"},"state":"ACTIVE","updateTime":"2025-08-20T09:56:53.563085560Z","labels":{"deployment-callable":"true","firebase-functions-hash":"c332a6ea7edaf4e6277fc42ea70b2539d58f4752","deployment-tool":"cli-firebase"},"environment":"GEN_2","url":"https://us-central1-up-to-battle.cloudfunctions.net/processAttack","createTime":"2025-08-20T09:55:10.028126527Z","satisfiesPzi":true},{"name":"projects/up-to-battle/locations/us-central1/functions/game","buildConfig":{"build":"projects/328069667156/locations/us-central1/builds/fa6f0371-9929-432e-9168-592a47532f00","runtime":"nodejs22","entryPoint":"game","source":{"storageSource":{"bucket":"gcf-v2-sources-328069667156-us-central1","object":"game/function-source.zip","generation":"1756586310589884"}},"environmentVariables":{"GOOGLE_NODE_RUN_SCRIPTS":""},"dockerRepository":"projects/up-to-battle/locations/us-central1/repositories/gcf-artifacts","sourceProvenance":{"resolvedStorageSource":{"bucket":"gcf-v2-sources-328069667156-us-central1","object":"game/function-source.zip","generation":"1756586310589884"}},"dockerRegistry":"ARTIFACT_REGISTRY","serviceAccount":"projects/up-to-battle/serviceAccounts/328069667156-compute@developer.gserviceaccount.com","automaticUpdatePolicy":{}},"serviceConfig":{"service":"projects/up-to-battle/locations/us-central1/services/game","timeoutSeconds":60,"environmentVariables":{"FIREBASE_CONFIG":"{\"projectId\":\"up-to-battle\",\"storageBucket\":\"up-to-battle.firebasestorage.app\"}","GCLOUD_PROJECT":"up-to-battle","EVENTARC_CLOUD_EVENT_SOURCE":"projects/up-to-battle/locations/us-central1/services/game","FUNCTION_TARGET":"game","LOG_EXECUTION_ID":"true"},"maxInstanceCount":20,"ingressSettings":"ALLOW_ALL","uri":"https://game-hxidlvyhiq-uc.a.run.app","serviceAccountEmail":"328069667156-compute@developer.gserviceaccount.com","availableMemory":"256Mi","allTrafficOnLatestRevision":true,"revision":"game-00001-riq","maxInstanceRequestConcurrency":80,"availableCpu":"1"},"state":"ACTIVE","updateTime":"2025-08-30T20:39:26.914985780Z","labels":{"deployment-tool":"cli-firebase--project-idx","firebase-functions-hash":"f38aa5b47fa472313668a6ca7e6f3238b21046c0"},"environment":"GEN_2","url":"https://us-central1-up-to-battle.cloudfunctions.net/game","createTime":"2025-08-30T20:38:30.905787199Z","satisfiesPzi":true}]}
